running: 2023-01-01-16:34:21_1.0-0.5
	u_concat rank=20
	v_concat rank=7
0
0.048064194485828826
0.055662334637751845
0.054278130530467913
0.05279652010055453
0.06038677094565109
0.0551496815905455
0.05360130459618328
0.05870688194229811
0.05941533602059975
0.060735606775884673
0.05966934359136967
1
0.056665619327176966
0.05692958635112994
0.0513719743554915
0.05493629560580821
0.049230197625226985
0.05239180478265969
0.05305048305277094
0.05177640641594396
0.05024221002236418
0.043350163938441946
0.053195122448917886
2
0.05087289723287409
0.0526512094950081
0.05220234260694859
0.05652622207822533
0.04591127732239849
0.05577970052907561
0.04612350556058671
0.04714062322606336
0.04602530374150293
0.04432473239783149
0.040313527445102276
3
0.049303257886347
0.042440824237531274
0.04052743741613957
0.04352832861444189
0.04954627844085922
0.04844436092656033
0.04057892720042973
0.043700465261111904
0.04793671086482643
0.04229454252687374
0.047114690714165616
4
0.04666186841026922
0.04153090750568376
0.04842019206997273
0.05318536443448056
0.046300538411855496
0.0420609259556539
0.04172424130227373
0.04246785906934075
0.04204053879057473
0.03901391542588256
0.04200281938282578
5
0.044576418097491126
0.04072525864461294
0.04273901983893196
0.041609880297547204
0.041375253319214295
0.04099633538574418
0.03955141061965627
0.041479845495202484
0.041696105209078745
0.0441856366384158
0.04102151758354968
6
0.04231711452288303
0.03989604905638371
0.04098364464566864
0.04355695294893292
0.04162319529635094
0.04436301785298932
0.04207916573608368
0.042548971703712565
0.044790838637278806
0.04152226261068956
0.04109945418911791
7
0.04134765764631267
0.04309680521587586
0.0414013007921335
0.04046006456814835
0.04121924205371778
0.041736066450942196
0.041933398748141795
0.04122522974208494
0.03997534590765245
0.041482999412749376
0.041699004228239564
8
0.042539264125883755
0.04046910775658973
0.043413994235921564
0.038842347455635015
0.04183145694389066
0.03938789373923494
0.04343123540229113
0.04011299799914568
0.043373088141490435
0.040870411179708535
0.038911410966643634
9
0.04036744970562484
0.040615792247700684
0.04047707217632041
0.04130693028588325
0.04052804086333103
0.03997533419120288
0.04015288955019265
0.040566915559532075
0.04058708318646592
0.040465544618126036
0.040717876686536376
